{"C:\\Users\\sasan\\Desktop\\my-inventory\\src\\App.tsx": {"path":"C:\\Users\\sasan\\Desktop\\my-inventory\\src\\App.tsx","statementMap":{"0":{"start":{"line":42,"column":2},"end":{"line":78,"column":null}},"1":{"start":{"line":44,"column":6},"end":{"line":54,"column":null}},"2":{"start":{"line":57,"column":6},"end":{"line":57,"column":null}},"3":{"start":{"line":57,"column":36},"end":{"line":57,"column":62}},"4":{"start":{"line":60,"column":6},"end":{"line":60,"column":null}},"5":{"start":{"line":63,"column":6},"end":{"line":63,"column":null}},"6":{"start":{"line":66,"column":6},"end":{"line":74,"column":null}},"7":{"start":{"line":67,"column":8},"end":{"line":73,"column":null}},"8":{"start":{"line":77,"column":6},"end":{"line":77,"column":null}},"9":{"start":{"line":81,"column":20},"end":{"line":81,"column":null}},"10":{"start":{"line":84,"column":32},"end":{"line":84,"column":null}},"11":{"start":{"line":85,"column":31},"end":{"line":97,"column":null}},"12":{"start":{"line":86,"column":19},"end":{"line":86,"column":null}},"13":{"start":{"line":87,"column":4},"end":{"line":87,"column":null}},"14":{"start":{"line":87,"column":17},"end":{"line":87,"column":null}},"15":{"start":{"line":88,"column":37},"end":{"line":88,"column":null}},"16":{"start":{"line":89,"column":4},"end":{"line":96,"column":null}},"17":{"start":{"line":89,"column":33},"end":{"line":96,"column":6}},"18":{"start":{"line":98,"column":34},"end":{"line":98,"column":null}},"19":{"start":{"line":99,"column":40},"end":{"line":99,"column":null}},"20":{"start":{"line":100,"column":36},"end":{"line":100,"column":null}},"21":{"start":{"line":101,"column":8},"end":{"line":101,"column":null}},"22":{"start":{"line":102,"column":8},"end":{"line":102,"column":null}},"23":{"start":{"line":104,"column":8},"end":{"line":104,"column":null}},"24":{"start":{"line":106,"column":2},"end":{"line":117,"column":null}},"25":{"start":{"line":107,"column":38},"end":{"line":114,"column":null}},"26":{"start":{"line":107,"column":66},"end":{"line":114,"column":6}},"27":{"start":{"line":116,"column":4},"end":{"line":116,"column":null}},"28":{"start":{"line":119,"column":23},"end":{"line":133,"column":null}},"29":{"start":{"line":121,"column":28},"end":{"line":123,"column":null}},"30":{"start":{"line":125,"column":37},"end":{"line":125,"column":null}},"31":{"start":{"line":127,"column":6},"end":{"line":127,"column":null}},"32":{"start":{"line":130,"column":6},"end":{"line":132,"column":null}},"33":{"start":{"line":136,"column":18},"end":{"line":136,"column":null}},"34":{"start":{"line":137,"column":4},"end":{"line":137,"column":null}},"35":{"start":{"line":137,"column":16},"end":{"line":137,"column":null}},"36":{"start":{"line":139,"column":21},"end":{"line":139,"column":null}},"37":{"start":{"line":141,"column":23},"end":{"line":143,"column":null}},"38":{"start":{"line":142,"column":16},"end":{"line":142,"column":null}},"39":{"start":{"line":145,"column":4},"end":{"line":148,"column":null}},"40":{"start":{"line":146,"column":6},"end":{"line":146,"column":null}},"41":{"start":{"line":147,"column":6},"end":{"line":147,"column":null}},"42":{"start":{"line":150,"column":4},"end":{"line":156,"column":null}},"43":{"start":{"line":158,"column":4},"end":{"line":158,"column":null}},"44":{"start":{"line":160,"column":4},"end":{"line":160,"column":null}},"45":{"start":{"line":164,"column":4},"end":{"line":166,"column":null}},"46":{"start":{"line":165,"column":6},"end":{"line":165,"column":null}},"47":{"start":{"line":170,"column":4},"end":{"line":170,"column":null}},"48":{"start":{"line":174,"column":4},"end":{"line":174,"column":null}},"49":{"start":{"line":178,"column":24},"end":{"line":178,"column":null}},"50":{"start":{"line":179,"column":4},"end":{"line":179,"column":null}},"51":{"start":{"line":179,"column":22},"end":{"line":179,"column":null}},"52":{"start":{"line":181,"column":23},"end":{"line":184,"column":null}},"53":{"start":{"line":183,"column":8},"end":{"line":183,"column":null}},"54":{"start":{"line":186,"column":4},"end":{"line":189,"column":null}},"55":{"start":{"line":187,"column":6},"end":{"line":187,"column":null}},"56":{"start":{"line":188,"column":6},"end":{"line":188,"column":null}},"57":{"start":{"line":191,"column":4},"end":{"line":194,"column":null}},"58":{"start":{"line":198,"column":4},"end":{"line":198,"column":null}},"59":{"start":{"line":198,"column":28},"end":{"line":198,"column":60}},"60":{"start":{"line":202,"column":4},"end":{"line":202,"column":null}},"61":{"start":{"line":206,"column":4},"end":{"line":206,"column":null}},"62":{"start":{"line":206,"column":60},"end":{"line":206,"column":74}},"63":{"start":{"line":208,"column":2},"end":{"line":244,"column":null}}},"fnMap":{"0":{"name":"shoppingListReducer","decl":{"start":{"line":38,"column":16},"end":{"line":38,"column":null}},"loc":{"start":{"line":41,"column":14},"end":{"line":79,"column":null}},"line":41},"1":{"name":"(anonymous_1)","decl":{"start":{"line":57,"column":26},"end":{"line":57,"column":27}},"loc":{"start":{"line":57,"column":36},"end":{"line":57,"column":62}},"line":57},"2":{"name":"(anonymous_2)","decl":{"start":{"line":66,"column":23},"end":{"line":66,"column":24}},"loc":{"start":{"line":67,"column":8},"end":{"line":73,"column":null}},"line":67},"3":{"name":"App","decl":{"start":{"line":83,"column":9},"end":{"line":83,"column":15}},"loc":{"start":{"line":83,"column":15},"end":{"line":246,"column":null}},"line":83},"4":{"name":"(anonymous_4)","decl":{"start":{"line":85,"column":73},"end":{"line":85,"column":79}},"loc":{"start":{"line":85,"column":79},"end":{"line":97,"column":3}},"line":85},"5":{"name":"(anonymous_5)","decl":{"start":{"line":89,"column":22},"end":{"line":89,"column":23}},"loc":{"start":{"line":89,"column":33},"end":{"line":96,"column":6}},"line":89},"6":{"name":"(anonymous_6)","decl":{"start":{"line":106,"column":12},"end":{"line":106,"column":18}},"loc":{"start":{"line":106,"column":18},"end":{"line":117,"column":5}},"line":106},"7":{"name":"(anonymous_7)","decl":{"start":{"line":107,"column":55},"end":{"line":107,"column":56}},"loc":{"start":{"line":107,"column":66},"end":{"line":114,"column":6}},"line":107},"8":{"name":"(anonymous_8)","decl":{"start":{"line":120,"column":12},"end":{"line":120,"column":13}},"loc":{"start":{"line":120,"column":22},"end":{"line":128,"column":5}},"line":120},"9":{"name":"(anonymous_9)","decl":{"start":{"line":129,"column":10},"end":{"line":129,"column":11}},"loc":{"start":{"line":130,"column":6},"end":{"line":132,"column":null}},"line":130},"10":{"name":"addListItem","decl":{"start":{"line":135,"column":11},"end":{"line":135,"column":25}},"loc":{"start":{"line":135,"column":25},"end":{"line":161,"column":null}},"line":135},"11":{"name":"(anonymous_11)","decl":{"start":{"line":142,"column":6},"end":{"line":142,"column":7}},"loc":{"start":{"line":142,"column":16},"end":{"line":142,"column":null}},"line":142},"12":{"name":"addListItemKeyboard","decl":{"start":{"line":163,"column":11},"end":{"line":163,"column":31}},"loc":{"start":{"line":163,"column":73},"end":{"line":167,"column":null}},"line":163},"13":{"name":"toggleItem","decl":{"start":{"line":169,"column":11},"end":{"line":169,"column":22}},"loc":{"start":{"line":169,"column":34},"end":{"line":171,"column":null}},"line":169},"14":{"name":"removeItem","decl":{"start":{"line":173,"column":11},"end":{"line":173,"column":22}},"loc":{"start":{"line":173,"column":34},"end":{"line":175,"column":null}},"line":173},"15":{"name":"editItem","decl":{"start":{"line":177,"column":11},"end":{"line":177,"column":20}},"loc":{"start":{"line":177,"column":67},"end":{"line":195,"column":null}},"line":177},"16":{"name":"(anonymous_16)","decl":{"start":{"line":182,"column":6},"end":{"line":182,"column":7}},"loc":{"start":{"line":183,"column":8},"end":{"line":183,"column":null}},"line":183},"17":{"name":"sortShoppingList","decl":{"start":{"line":197,"column":11},"end":{"line":197,"column":30}},"loc":{"start":{"line":197,"column":30},"end":{"line":199,"column":null}},"line":197},"18":{"name":"(anonymous_18)","decl":{"start":{"line":198,"column":17},"end":{"line":198,"column":18}},"loc":{"start":{"line":198,"column":28},"end":{"line":198,"column":60}},"line":198},"19":{"name":"checkUncheckAllItems","decl":{"start":{"line":201,"column":11},"end":{"line":201,"column":34}},"loc":{"start":{"line":201,"column":34},"end":{"line":203,"column":null}},"line":201},"20":{"name":"(anonymous_20)","decl":{"start":{"line":206,"column":50},"end":{"line":206,"column":51}},"loc":{"start":{"line":206,"column":60},"end":{"line":206,"column":74}},"line":206}},"branchMap":{"0":{"loc":{"start":{"line":42,"column":2},"end":{"line":78,"column":null}},"type":"switch","locations":[{"start":{"line":43,"column":4},"end":{"line":54,"column":null}},{"start":{"line":56,"column":4},"end":{"line":57,"column":null}},{"start":{"line":59,"column":4},"end":{"line":60,"column":null}},{"start":{"line":62,"column":4},"end":{"line":63,"column":null}},{"start":{"line":65,"column":4},"end":{"line":74,"column":null}},{"start":{"line":76,"column":4},"end":{"line":77,"column":null}}],"line":42},"1":{"loc":{"start":{"line":67,"column":8},"end":{"line":73,"column":null}},"type":"cond-expr","locations":[{"start":{"line":68,"column":12},"end":{"line":72,"column":null}},{"start":{"line":73,"column":12},"end":{"line":73,"column":null}}],"line":67},"2":{"loc":{"start":{"line":87,"column":4},"end":{"line":87,"column":null}},"type":"if","locations":[{"start":{"line":87,"column":4},"end":{"line":87,"column":null}},{"start":{},"end":{}}],"line":87},"3":{"loc":{"start":{"line":90,"column":10},"end":{"line":90,"column":null}},"type":"binary-expr","locations":[{"start":{"line":90,"column":10},"end":{"line":90,"column":21}},{"start":{"line":90,"column":21},"end":{"line":90,"column":null}}],"line":90},"4":{"loc":{"start":{"line":92,"column":16},"end":{"line":92,"column":null}},"type":"binary-expr","locations":[{"start":{"line":92,"column":16},"end":{"line":92,"column":33}},{"start":{"line":92,"column":33},"end":{"line":92,"column":null}}],"line":92},"5":{"loc":{"start":{"line":95,"column":19},"end":{"line":95,"column":null}},"type":"cond-expr","locations":[{"start":{"line":95,"column":38},"end":{"line":95,"column":67}},{"start":{"line":95,"column":67},"end":{"line":95,"column":null}}],"line":95},"6":{"loc":{"start":{"line":113,"column":19},"end":{"line":113,"column":null}},"type":"cond-expr","locations":[{"start":{"line":113,"column":38},"end":{"line":113,"column":71}},{"start":{"line":113,"column":71},"end":{"line":113,"column":null}}],"line":113},"7":{"loc":{"start":{"line":125,"column":37},"end":{"line":125,"column":null}},"type":"binary-expr","locations":[{"start":{"line":125,"column":37},"end":{"line":125,"column":55}},{"start":{"line":125,"column":55},"end":{"line":125,"column":null}}],"line":125},"8":{"loc":{"start":{"line":127,"column":13},"end":{"line":127,"column":null}},"type":"binary-expr","locations":[{"start":{"line":127,"column":13},"end":{"line":127,"column":30}},{"start":{"line":127,"column":30},"end":{"line":127,"column":null}}],"line":127},"9":{"loc":{"start":{"line":130,"column":6},"end":{"line":132,"column":null}},"type":"cond-expr","locations":[{"start":{"line":131,"column":10},"end":{"line":131,"column":null}},{"start":{"line":132,"column":10},"end":{"line":132,"column":null}}],"line":130},"10":{"loc":{"start":{"line":137,"column":4},"end":{"line":137,"column":null}},"type":"if","locations":[{"start":{"line":137,"column":4},"end":{"line":137,"column":null}},{"start":{},"end":{}}],"line":137},"11":{"loc":{"start":{"line":145,"column":4},"end":{"line":148,"column":null}},"type":"if","locations":[{"start":{"line":145,"column":4},"end":{"line":148,"column":null}},{"start":{},"end":{}}],"line":145},"12":{"loc":{"start":{"line":164,"column":4},"end":{"line":166,"column":null}},"type":"if","locations":[{"start":{"line":164,"column":4},"end":{"line":166,"column":null}},{"start":{},"end":{}}],"line":164},"13":{"loc":{"start":{"line":179,"column":4},"end":{"line":179,"column":null}},"type":"if","locations":[{"start":{"line":179,"column":4},"end":{"line":179,"column":null}},{"start":{},"end":{}}],"line":179},"14":{"loc":{"start":{"line":183,"column":8},"end":{"line":183,"column":null}},"type":"binary-expr","locations":[{"start":{"line":183,"column":8},"end":{"line":183,"column":26}},{"start":{"line":183,"column":26},"end":{"line":183,"column":null}}],"line":183},"15":{"loc":{"start":{"line":186,"column":4},"end":{"line":189,"column":null}},"type":"if","locations":[{"start":{"line":186,"column":4},"end":{"line":189,"column":null}},{"start":{},"end":{}}],"line":186},"16":{"loc":{"start":{"line":198,"column":28},"end":{"line":198,"column":60}},"type":"cond-expr","locations":[{"start":{"line":198,"column":45},"end":{"line":198,"column":54}},{"start":{"line":198,"column":54},"end":{"line":198,"column":60}}],"line":198},"17":{"loc":{"start":{"line":206,"column":4},"end":{"line":206,"column":null}},"type":"binary-expr","locations":[{"start":{"line":206,"column":4},"end":{"line":206,"column":31}},{"start":{"line":206,"column":31},"end":{"line":206,"column":null}}],"line":206},"18":{"loc":{"start":{"line":239,"column":7},"end":{"line":242,"column":null}},"type":"binary-expr","locations":[{"start":{"line":239,"column":7},"end":{"line":239,"column":null}},{"start":{"line":240,"column":8},"end":{"line":242,"column":null}}],"line":239},"19":{"loc":{"start":{"line":240,"column":32},"end":{"line":240,"column":61}},"type":"cond-expr","locations":[{"start":{"line":240,"column":47},"end":{"line":240,"column":59}},{"start":{"line":240,"column":59},"end":{"line":240,"column":61}}],"line":240}},"s":{"0":9,"1":3,"2":1,"3":1,"4":1,"5":2,"6":1,"7":2,"8":1,"9":1,"10":71,"11":71,"12":16,"13":16,"14":4,"15":12,"16":12,"17":19,"18":71,"19":71,"20":71,"21":71,"22":71,"23":71,"24":71,"25":24,"26":29,"27":24,"28":71,"29":79,"30":79,"31":79,"32":28,"33":9,"34":9,"35":2,"36":7,"37":7,"38":5,"39":7,"40":4,"41":4,"42":3,"43":3,"44":3,"45":36,"46":3,"47":1,"48":1,"49":4,"50":4,"51":2,"52":2,"53":3,"54":2,"55":1,"56":1,"57":1,"58":2,"59":2,"60":2,"61":71,"62":53,"63":71},"f":{"0":9,"1":1,"2":2,"3":71,"4":16,"5":19,"6":24,"7":29,"8":79,"9":28,"10":9,"11":5,"12":36,"13":1,"14":1,"15":4,"16":3,"17":2,"18":2,"19":2,"20":53},"b":{"0":[3,1,1,2,1,1],"1":[1,1],"2":[4,12],"3":[19,10],"4":[19,19],"5":[2,17],"6":[5,24],"7":[79,2],"8":[79,79],"9":[27,1],"10":[2,7],"11":[4,3],"12":[3,33],"13":[2,2],"14":[3,2],"15":[1,1],"16":[1,1],"17":[71,50],"18":[71,14],"19":[9,5]},"meta":{"lastBranch":20,"lastFunction":21,"lastStatement":64,"seen":{"f:38:16:38:Infinity":0,"b:43:4:54:Infinity:56:4:57:Infinity:59:4:60:Infinity:62:4:63:Infinity:65:4:74:Infinity:76:4:77:Infinity":0,"s:42:2:78:Infinity":0,"s:44:6:54:Infinity":1,"s:57:6:57:Infinity":2,"f:57:26:57:27":1,"s:57:36:57:62":3,"s:60:6:60:Infinity":4,"s:63:6:63:Infinity":5,"s:66:6:74:Infinity":6,"f:66:23:66:24":2,"s:67:8:73:Infinity":7,"b:68:12:72:Infinity:73:12:73:Infinity":1,"s:77:6:77:Infinity":8,"s:81:20:81:Infinity":9,"f:83:9:83:15":3,"s:84:32:84:Infinity":10,"s:85:31:97:Infinity":11,"f:85:73:85:79":4,"s:86:19:86:Infinity":12,"b:87:4:87:Infinity:undefined:undefined:undefined:undefined":2,"s:87:4:87:Infinity":13,"s:87:17:87:Infinity":14,"s:88:37:88:Infinity":15,"s:89:4:96:Infinity":16,"f:89:22:89:23":5,"s:89:33:96:6":17,"b:90:10:90:21:90:21:90:Infinity":3,"b:92:16:92:33:92:33:92:Infinity":4,"b:95:38:95:67:95:67:95:Infinity":5,"s:98:34:98:Infinity":18,"s:99:40:99:Infinity":19,"s:100:36:100:Infinity":20,"s:101:8:101:Infinity":21,"s:102:8:102:Infinity":22,"s:104:8:104:Infinity":23,"s:106:2:117:Infinity":24,"f:106:12:106:18":6,"s:107:38:114:Infinity":25,"f:107:55:107:56":7,"s:107:66:114:6":26,"b:113:38:113:71:113:71:113:Infinity":6,"s:116:4:116:Infinity":27,"s:119:23:133:Infinity":28,"f:120:12:120:13":8,"s:121:28:123:Infinity":29,"s:125:37:125:Infinity":30,"b:125:37:125:55:125:55:125:Infinity":7,"s:127:6:127:Infinity":31,"b:127:13:127:30:127:30:127:Infinity":8,"f:129:10:129:11":9,"s:130:6:132:Infinity":32,"b:131:10:131:Infinity:132:10:132:Infinity":9,"f:135:11:135:25":10,"s:136:18:136:Infinity":33,"b:137:4:137:Infinity:undefined:undefined:undefined:undefined":10,"s:137:4:137:Infinity":34,"s:137:16:137:Infinity":35,"s:139:21:139:Infinity":36,"s:141:23:143:Infinity":37,"f:142:6:142:7":11,"s:142:16:142:Infinity":38,"b:145:4:148:Infinity:undefined:undefined:undefined:undefined":11,"s:145:4:148:Infinity":39,"s:146:6:146:Infinity":40,"s:147:6:147:Infinity":41,"s:150:4:156:Infinity":42,"s:158:4:158:Infinity":43,"s:160:4:160:Infinity":44,"f:163:11:163:31":12,"b:164:4:166:Infinity:undefined:undefined:undefined:undefined":12,"s:164:4:166:Infinity":45,"s:165:6:165:Infinity":46,"f:169:11:169:22":13,"s:170:4:170:Infinity":47,"f:173:11:173:22":14,"s:174:4:174:Infinity":48,"f:177:11:177:20":15,"s:178:24:178:Infinity":49,"b:179:4:179:Infinity:undefined:undefined:undefined:undefined":13,"s:179:4:179:Infinity":50,"s:179:22:179:Infinity":51,"s:181:23:184:Infinity":52,"f:182:6:182:7":16,"s:183:8:183:Infinity":53,"b:183:8:183:26:183:26:183:Infinity":14,"b:186:4:189:Infinity:undefined:undefined:undefined:undefined":15,"s:186:4:189:Infinity":54,"s:187:6:187:Infinity":55,"s:188:6:188:Infinity":56,"s:191:4:194:Infinity":57,"f:197:11:197:30":17,"s:198:4:198:Infinity":58,"f:198:17:198:18":18,"s:198:28:198:60":59,"b:198:45:198:54:198:54:198:60":16,"f:201:11:201:34":19,"s:202:4:202:Infinity":60,"s:206:4:206:Infinity":61,"b:206:4:206:31:206:31:206:Infinity":17,"f:206:50:206:51":20,"s:206:60:206:74":62,"s:208:2:244:Infinity":63,"b:239:7:239:Infinity:240:8:242:Infinity":18,"b:240:47:240:59:240:59:240:61":19}}}
,"C:\\Users\\sasan\\Desktop\\my-inventory\\src\\components\\Controls.tsx": {"path":"C:\\Users\\sasan\\Desktop\\my-inventory\\src\\components\\Controls.tsx","statementMap":{"0":{"start":{"line":22,"column":2},"end":{"line":52,"column":null}},"1":{"start":{"line":28,"column":25},"end":{"line":28,"column":null}},"2":{"start":{"line":41,"column":24},"end":{"line":41,"column":null}},"3":{"start":{"line":42,"column":10},"end":{"line":42,"column":null}},"4":{"start":{"line":42,"column":39},"end":{"line":42,"column":null}}},"fnMap":{"0":{"name":"Controls","decl":{"start":{"line":12,"column":24},"end":{"line":12,"column":33}},"loc":{"start":{"line":21,"column":18},"end":{"line":54,"column":null}},"line":21},"1":{"name":"(anonymous_1)","decl":{"start":{"line":28,"column":18},"end":{"line":28,"column":19}},"loc":{"start":{"line":28,"column":25},"end":{"line":28,"column":null}},"line":28},"2":{"name":"(anonymous_2)","decl":{"start":{"line":40,"column":17},"end":{"line":40,"column":18}},"loc":{"start":{"line":40,"column":24},"end":{"line":43,"column":null}},"line":40}},"branchMap":{"0":{"loc":{"start":{"line":42,"column":10},"end":{"line":42,"column":null}},"type":"if","locations":[{"start":{"line":42,"column":10},"end":{"line":42,"column":null}},{"start":{},"end":{}}],"line":42},"1":{"loc":{"start":{"line":50,"column":9},"end":{"line":50,"column":null}},"type":"cond-expr","locations":[{"start":{"line":50,"column":31},"end":{"line":50,"column":39}},{"start":{"line":50,"column":39},"end":{"line":50,"column":null}}],"line":50}},"s":{"0":77,"1":34,"2":3,"3":3,"4":2},"f":{"0":77,"1":34,"2":3},"b":{"0":[2,1],"1":[75,2]},"meta":{"lastBranch":2,"lastFunction":3,"lastStatement":5,"seen":{"f:12:24:12:33":0,"s:22:2:52:Infinity":0,"f:28:18:28:19":1,"s:28:25:28:Infinity":1,"f:40:17:40:18":2,"s:41:24:41:Infinity":2,"b:42:10:42:Infinity:undefined:undefined:undefined:undefined":0,"s:42:10:42:Infinity":3,"s:42:39:42:Infinity":4,"b:50:31:50:39:50:39:50:Infinity":1}}}
,"C:\\Users\\sasan\\Desktop\\my-inventory\\src\\components\\FilterForm.tsx": {"path":"C:\\Users\\sasan\\Desktop\\my-inventory\\src\\components\\FilterForm.tsx","statementMap":{"0":{"start":{"line":14,"column":2},"end":{"line":30,"column":null}},"1":{"start":{"line":20,"column":25},"end":{"line":20,"column":null}},"2":{"start":{"line":26,"column":27},"end":{"line":26,"column":null}}},"fnMap":{"0":{"name":"FilterForm","decl":{"start":{"line":8,"column":24},"end":{"line":8,"column":35}},"loc":{"start":{"line":13,"column":20},"end":{"line":32,"column":null}},"line":13},"1":{"name":"(anonymous_1)","decl":{"start":{"line":20,"column":18},"end":{"line":20,"column":19}},"loc":{"start":{"line":20,"column":25},"end":{"line":20,"column":null}},"line":20},"2":{"name":"(anonymous_2)","decl":{"start":{"line":26,"column":20},"end":{"line":26,"column":21}},"loc":{"start":{"line":26,"column":27},"end":{"line":26,"column":null}},"line":26}},"branchMap":{},"s":{"0":75,"1":4,"2":2},"f":{"0":75,"1":4,"2":2},"b":{},"meta":{"lastBranch":0,"lastFunction":3,"lastStatement":3,"seen":{"f:8:24:8:35":0,"s:14:2:30:Infinity":0,"f:20:18:20:19":1,"s:20:25:20:Infinity":1,"f:26:20:26:21":2,"s:26:27:26:Infinity":2}}}
,"C:\\Users\\sasan\\Desktop\\my-inventory\\src\\components\\ShoppingList.tsx": {"path":"C:\\Users\\sasan\\Desktop\\my-inventory\\src\\components\\ShoppingList.tsx","statementMap":{"0":{"start":{"line":18,"column":32},"end":{"line":18,"column":null}},"1":{"start":{"line":19,"column":30},"end":{"line":19,"column":null}},"2":{"start":{"line":20,"column":38},"end":{"line":20,"column":null}},"3":{"start":{"line":27,"column":4},"end":{"line":27,"column":null}},"4":{"start":{"line":28,"column":4},"end":{"line":28,"column":null}},"5":{"start":{"line":29,"column":4},"end":{"line":29,"column":null}},"6":{"start":{"line":33,"column":4},"end":{"line":33,"column":null}},"7":{"start":{"line":34,"column":4},"end":{"line":34,"column":null}},"8":{"start":{"line":38,"column":4},"end":{"line":38,"column":null}},"9":{"start":{"line":40,"column":5},"end":{"line":40,"column":null}},"10":{"start":{"line":47,"column":4},"end":{"line":47,"column":null}},"11":{"start":{"line":47,"column":27},"end":{"line":47,"column":null}},"12":{"start":{"line":48,"column":4},"end":{"line":48,"column":null}},"13":{"start":{"line":48,"column":28},"end":{"line":48,"column":null}},"14":{"start":{"line":52,"column":4},"end":{"line":52,"column":null}},"15":{"start":{"line":52,"column":27},"end":{"line":52,"column":32}},"16":{"start":{"line":56,"column":4},"end":{"line":56,"column":null}},"17":{"start":{"line":56,"column":27},"end":{"line":56,"column":45}},"18":{"start":{"line":59,"column":2},"end":{"line":127,"column":null}},"19":{"start":{"line":62,"column":26},"end":{"line":62,"column":null}},"20":{"start":{"line":64,"column":8},"end":{"line":124,"column":null}},"21":{"start":{"line":70,"column":32},"end":{"line":70,"column":null}},"22":{"start":{"line":79,"column":37},"end":{"line":79,"column":null}},"23":{"start":{"line":80,"column":38},"end":{"line":80,"column":null}},"24":{"start":{"line":96,"column":56},"end":{"line":96,"column":75}},"25":{"start":{"line":103,"column":20},"end":{"line":103,"column":null}},"26":{"start":{"line":113,"column":18},"end":{"line":113,"column":null}}},"fnMap":{"0":{"name":"ShoppingList","decl":{"start":{"line":12,"column":24},"end":{"line":12,"column":37}},"loc":{"start":{"line":17,"column":22},"end":{"line":129,"column":null}},"line":17},"1":{"name":"startEditing","decl":{"start":{"line":22,"column":11},"end":{"line":22,"column":null}},"loc":{"start":{"line":26,"column":4},"end":{"line":30,"column":null}},"line":26},"2":{"name":"saveEdit","decl":{"start":{"line":32,"column":11},"end":{"line":32,"column":20}},"loc":{"start":{"line":32,"column":32},"end":{"line":35,"column":null}},"line":32},"3":{"name":"cancelEdit","decl":{"start":{"line":37,"column":11},"end":{"line":37,"column":24}},"loc":{"start":{"line":37,"column":24},"end":{"line":41,"column":null}},"line":37},"4":{"name":"handleEditKeyDown","decl":{"start":{"line":43,"column":11},"end":{"line":43,"column":null}},"loc":{"start":{"line":46,"column":4},"end":{"line":49,"column":null}},"line":46},"5":{"name":"incrementQuantity","decl":{"start":{"line":51,"column":11},"end":{"line":51,"column":31}},"loc":{"start":{"line":51,"column":31},"end":{"line":53,"column":null}},"line":51},"6":{"name":"(anonymous_6)","decl":{"start":{"line":52,"column":20},"end":{"line":52,"column":21}},"loc":{"start":{"line":52,"column":27},"end":{"line":52,"column":32}},"line":52},"7":{"name":"decrementQuantity","decl":{"start":{"line":55,"column":11},"end":{"line":55,"column":31}},"loc":{"start":{"line":55,"column":31},"end":{"line":57,"column":null}},"line":55},"8":{"name":"(anonymous_8)","decl":{"start":{"line":56,"column":20},"end":{"line":56,"column":21}},"loc":{"start":{"line":56,"column":27},"end":{"line":56,"column":45}},"line":56},"9":{"name":"(anonymous_9)","decl":{"start":{"line":61,"column":24},"end":{"line":61,"column":25}},"loc":{"start":{"line":61,"column":34},"end":{"line":126,"column":7}},"line":61},"10":{"name":"(anonymous_10)","decl":{"start":{"line":70,"column":26},"end":{"line":70,"column":32}},"loc":{"start":{"line":70,"column":32},"end":{"line":70,"column":null}},"line":70},"11":{"name":"(anonymous_11)","decl":{"start":{"line":79,"column":30},"end":{"line":79,"column":31}},"loc":{"start":{"line":79,"column":37},"end":{"line":79,"column":null}},"line":79},"12":{"name":"(anonymous_12)","decl":{"start":{"line":80,"column":31},"end":{"line":80,"column":32}},"loc":{"start":{"line":80,"column":38},"end":{"line":80,"column":null}},"line":80},"13":{"name":"(anonymous_13)","decl":{"start":{"line":96,"column":50},"end":{"line":96,"column":56}},"loc":{"start":{"line":96,"column":56},"end":{"line":96,"column":75}},"line":96},"14":{"name":"(anonymous_14)","decl":{"start":{"line":102,"column":27},"end":{"line":102,"column":null}},"loc":{"start":{"line":103,"column":20},"end":{"line":103,"column":null}},"line":103},"15":{"name":"(anonymous_15)","decl":{"start":{"line":112,"column":25},"end":{"line":112,"column":null}},"loc":{"start":{"line":113,"column":18},"end":{"line":113,"column":null}},"line":113}},"branchMap":{"0":{"loc":{"start":{"line":47,"column":4},"end":{"line":47,"column":null}},"type":"if","locations":[{"start":{"line":47,"column":4},"end":{"line":47,"column":null}},{"start":{},"end":{}}],"line":47},"1":{"loc":{"start":{"line":48,"column":4},"end":{"line":48,"column":null}},"type":"if","locations":[{"start":{"line":48,"column":4},"end":{"line":48,"column":null}},{"start":{},"end":{}}],"line":48},"2":{"loc":{"start":{"line":73,"column":15},"end":{"line":92,"column":null}},"type":"cond-expr","locations":[{"start":{"line":74,"column":16},"end":{"line":88,"column":null}},{"start":{"line":90,"column":16},"end":{"line":92,"column":null}}],"line":73},"3":{"loc":{"start":{"line":90,"column":33},"end":{"line":90,"column":null}},"type":"cond-expr","locations":[{"start":{"line":90,"column":50},"end":{"line":90,"column":64}},{"start":{"line":90,"column":64},"end":{"line":90,"column":null}}],"line":90},"4":{"loc":{"start":{"line":91,"column":31},"end":{"line":91,"column":null}},"type":"binary-expr","locations":[{"start":{"line":91,"column":31},"end":{"line":91,"column":52}},{"start":{"line":91,"column":52},"end":{"line":91,"column":null}}],"line":91},"5":{"loc":{"start":{"line":95,"column":15},"end":{"line":107,"column":null}},"type":"cond-expr","locations":[{"start":{"line":96,"column":16},"end":{"line":98,"column":null}},{"start":{"line":100,"column":16},"end":{"line":107,"column":null}}],"line":95},"6":{"loc":{"start":{"line":113,"column":18},"end":{"line":113,"column":null}},"type":"cond-expr","locations":[{"start":{"line":113,"column":30},"end":{"line":113,"column":45}},{"start":{"line":113,"column":45},"end":{"line":113,"column":null}}],"line":113}},"s":{"0":134,"1":134,"2":134,"3":12,"4":12,"5":12,"6":8,"7":8,"8":3,"9":3,"10":26,"11":5,"12":26,"13":1,"14":2,"15":2,"16":4,"17":4,"18":134,"19":154,"20":154,"21":2,"22":25,"23":26,"24":3,"25":12,"26":4},"f":{"0":134,"1":12,"2":8,"3":3,"4":26,"5":2,"6":2,"7":4,"8":4,"9":154,"10":2,"11":25,"12":26,"13":3,"14":12,"15":4},"b":{"0":[5,21],"1":[1,25],"2":[41,113],"3":[8,105],"4":[113,7],"5":[41,113],"6":[2,2]},"meta":{"lastBranch":7,"lastFunction":16,"lastStatement":27,"seen":{"f:12:24:12:37":0,"s:18:32:18:Infinity":0,"s:19:30:19:Infinity":1,"s:20:38:20:Infinity":2,"f:22:11:22:Infinity":1,"s:27:4:27:Infinity":3,"s:28:4:28:Infinity":4,"s:29:4:29:Infinity":5,"f:32:11:32:20":2,"s:33:4:33:Infinity":6,"s:34:4:34:Infinity":7,"f:37:11:37:24":3,"s:38:4:38:Infinity":8,"s:40:5:40:Infinity":9,"f:43:11:43:Infinity":4,"b:47:4:47:Infinity:undefined:undefined:undefined:undefined":0,"s:47:4:47:Infinity":10,"s:47:27:47:Infinity":11,"b:48:4:48:Infinity:undefined:undefined:undefined:undefined":1,"s:48:4:48:Infinity":12,"s:48:28:48:Infinity":13,"f:51:11:51:31":5,"s:52:4:52:Infinity":14,"f:52:20:52:21":6,"s:52:27:52:32":15,"f:55:11:55:31":7,"s:56:4:56:Infinity":16,"f:56:20:56:21":8,"s:56:27:56:45":17,"s:59:2:127:Infinity":18,"f:61:24:61:25":9,"s:62:26:62:Infinity":19,"s:64:8:124:Infinity":20,"f:70:26:70:32":10,"s:70:32:70:Infinity":21,"b:74:16:88:Infinity:90:16:92:Infinity":2,"f:79:30:79:31":11,"s:79:37:79:Infinity":22,"f:80:31:80:32":12,"s:80:38:80:Infinity":23,"b:90:50:90:64:90:64:90:Infinity":3,"b:91:31:91:52:91:52:91:Infinity":4,"b:96:16:98:Infinity:100:16:107:Infinity":5,"f:96:50:96:56":13,"s:96:56:96:75":24,"f:102:27:102:Infinity":14,"s:103:20:103:Infinity":25,"f:112:25:112:Infinity":15,"s:113:18:113:Infinity":26,"b:113:30:113:45:113:45:113:Infinity":6}}}
,"C:\\Users\\sasan\\Desktop\\my-inventory\\src\\components\\ToggleAll.tsx": {"path":"C:\\Users\\sasan\\Desktop\\my-inventory\\src\\components\\ToggleAll.tsx","statementMap":{"0":{"start":{"line":7,"column":2},"end":{"line":11,"column":null}}},"fnMap":{"0":{"name":"ToggleAll","decl":{"start":{"line":6,"column":24},"end":{"line":6,"column":34}},"loc":{"start":{"line":6,"column":73},"end":{"line":13,"column":null}},"line":6}},"branchMap":{},"s":{"0":75},"f":{"0":75},"b":{},"meta":{"lastBranch":0,"lastFunction":1,"lastStatement":1,"seen":{"f:6:24:6:34":0,"s:7:2:11:Infinity":0}}}
,"C:\\Users\\sasan\\Desktop\\my-inventory\\src\\css\\styles.css": {"path":"C:\\Users\\sasan\\Desktop\\my-inventory\\src\\css\\styles.css","statementMap":{},"fnMap":{},"branchMap":{},"s":{},"f":{},"b":{},"meta":{"lastBranch":0,"lastFunction":0,"lastStatement":0,"seen":{}}}
,"C:\\Users\\sasan\\Desktop\\my-inventory\\src\\hooks\\useToast.ts": {"path":"C:\\Users\\sasan\\Desktop\\my-inventory\\src\\hooks\\useToast.ts","statementMap":{"0":{"start":{"line":4,"column":28},"end":{"line":4,"column":null}},"1":{"start":{"line":5,"column":26},"end":{"line":5,"column":null}},"2":{"start":{"line":7,"column":8},"end":{"line":7,"column":null}},"3":{"start":{"line":8,"column":8},"end":{"line":8,"column":null}},"4":{"start":{"line":10,"column":15},"end":{"line":21,"column":null}},"5":{"start":{"line":11,"column":4},"end":{"line":11,"column":null}},"6":{"start":{"line":11,"column":25},"end":{"line":11,"column":null}},"7":{"start":{"line":12,"column":4},"end":{"line":12,"column":null}},"8":{"start":{"line":12,"column":25},"end":{"line":12,"column":null}},"9":{"start":{"line":14,"column":4},"end":{"line":14,"column":null}},"10":{"start":{"line":15,"column":4},"end":{"line":15,"column":null}},"11":{"start":{"line":17,"column":4},"end":{"line":20,"column":null}},"12":{"start":{"line":18,"column":6},"end":{"line":18,"column":null}},"13":{"start":{"line":19,"column":6},"end":{"line":19,"column":null}},"14":{"start":{"line":19,"column":48},"end":{"line":19,"column":64}},"15":{"start":{"line":23,"column":2},"end":{"line":28,"column":null}},"16":{"start":{"line":24,"column":4},"end":{"line":27,"column":null}},"17":{"start":{"line":25,"column":6},"end":{"line":25,"column":null}},"18":{"start":{"line":25,"column":27},"end":{"line":25,"column":null}},"19":{"start":{"line":26,"column":6},"end":{"line":26,"column":null}},"20":{"start":{"line":26,"column":27},"end":{"line":26,"column":null}},"21":{"start":{"line":30,"column":2},"end":{"line":30,"column":null}}},"fnMap":{"0":{"name":"useToast","decl":{"start":{"line":3,"column":16},"end":{"line":3,"column":25}},"loc":{"start":{"line":3,"column":58},"end":{"line":31,"column":null}},"line":3},"1":{"name":"(anonymous_1)","decl":{"start":{"line":10,"column":15},"end":{"line":10,"column":16}},"loc":{"start":{"line":10,"column":32},"end":{"line":21,"column":null}},"line":10},"2":{"name":"(anonymous_2)","decl":{"start":{"line":17,"column":40},"end":{"line":17,"column":46}},"loc":{"start":{"line":17,"column":46},"end":{"line":20,"column":7}},"line":17},"3":{"name":"(anonymous_3)","decl":{"start":{"line":19,"column":42},"end":{"line":19,"column":48}},"loc":{"start":{"line":19,"column":48},"end":{"line":19,"column":64}},"line":19},"4":{"name":"(anonymous_4)","decl":{"start":{"line":23,"column":12},"end":{"line":23,"column":18}},"loc":{"start":{"line":23,"column":18},"end":{"line":28,"column":5}},"line":23},"5":{"name":"(anonymous_5)","decl":{"start":{"line":24,"column":11},"end":{"line":24,"column":17}},"loc":{"start":{"line":24,"column":17},"end":{"line":27,"column":null}},"line":24}},"branchMap":{"0":{"loc":{"start":{"line":3,"column":25},"end":{"line":3,"column":44}},"type":"default-arg","locations":[{"start":{"line":3,"column":38},"end":{"line":3,"column":44}}],"line":3},"1":{"loc":{"start":{"line":3,"column":44},"end":{"line":3,"column":58}},"type":"default-arg","locations":[{"start":{"line":3,"column":53},"end":{"line":3,"column":58}}],"line":3},"2":{"loc":{"start":{"line":11,"column":4},"end":{"line":11,"column":null}},"type":"if","locations":[{"start":{"line":11,"column":4},"end":{"line":11,"column":null}},{"start":{},"end":{}}],"line":11},"3":{"loc":{"start":{"line":12,"column":4},"end":{"line":12,"column":null}},"type":"if","locations":[{"start":{"line":12,"column":4},"end":{"line":12,"column":null}},{"start":{},"end":{}}],"line":12},"4":{"loc":{"start":{"line":25,"column":6},"end":{"line":25,"column":null}},"type":"if","locations":[{"start":{"line":25,"column":6},"end":{"line":25,"column":null}},{"start":{},"end":{}}],"line":25},"5":{"loc":{"start":{"line":26,"column":6},"end":{"line":26,"column":null}},"type":"if","locations":[{"start":{"line":26,"column":6},"end":{"line":26,"column":null}},{"start":{},"end":{}}],"line":26}},"s":{"0":85,"1":85,"2":85,"3":85,"4":85,"5":10,"6":2,"7":10,"8":1,"9":10,"10":10,"11":10,"12":5,"13":5,"14":4,"15":85,"16":21,"17":21,"18":8,"19":21,"20":5,"21":85},"f":{"0":85,"1":10,"2":5,"3":4,"4":21,"5":21},"b":{"0":[85],"1":[85],"2":[2,8],"3":[1,9],"4":[8,13],"5":[5,16]},"meta":{"lastBranch":6,"lastFunction":6,"lastStatement":22,"seen":{"f:3:16:3:25":0,"b:3:38:3:44":0,"b:3:53:3:58":1,"s:4:28:4:Infinity":0,"s:5:26:5:Infinity":1,"s:7:8:7:Infinity":2,"s:8:8:8:Infinity":3,"s:10:15:21:Infinity":4,"f:10:15:10:16":1,"b:11:4:11:Infinity:undefined:undefined:undefined:undefined":2,"s:11:4:11:Infinity":5,"s:11:25:11:Infinity":6,"b:12:4:12:Infinity:undefined:undefined:undefined:undefined":3,"s:12:4:12:Infinity":7,"s:12:25:12:Infinity":8,"s:14:4:14:Infinity":9,"s:15:4:15:Infinity":10,"s:17:4:20:Infinity":11,"f:17:40:17:46":2,"s:18:6:18:Infinity":12,"s:19:6:19:Infinity":13,"f:19:42:19:48":3,"s:19:48:19:64":14,"s:23:2:28:Infinity":15,"f:23:12:23:18":4,"s:24:4:27:Infinity":16,"f:24:11:24:17":5,"b:25:6:25:Infinity:undefined:undefined:undefined:undefined":4,"s:25:6:25:Infinity":17,"s:25:27:25:Infinity":18,"b:26:6:26:Infinity:undefined:undefined:undefined:undefined":5,"s:26:6:26:Infinity":19,"s:26:27:26:Infinity":20,"s:30:2:30:Infinity":21}}}
,"C:\\Users\\sasan\\Desktop\\my-inventory\\src\\utils\\formatDate.ts": {"path":"C:\\Users\\sasan\\Desktop\\my-inventory\\src\\utils\\formatDate.ts","statementMap":{"0":{"start":{"line":2,"column":2},"end":{"line":2,"column":null}}},"fnMap":{"0":{"name":"formatDate","decl":{"start":{"line":1,"column":16},"end":{"line":1,"column":27}},"loc":{"start":{"line":1,"column":46},"end":{"line":3,"column":null}},"line":1}},"branchMap":{"0":{"loc":{"start":{"line":2,"column":9},"end":{"line":2,"column":null}},"type":"cond-expr","locations":[{"start":{"line":2,"column":16},"end":{"line":2,"column":40}},{"start":{"line":2,"column":40},"end":{"line":2,"column":null}}],"line":2}},"s":{"0":310},"f":{"0":310},"b":{"0":[163,147]},"meta":{"lastBranch":1,"lastFunction":1,"lastStatement":1,"seen":{"f:1:16:1:27":0,"s:2:2:2:Infinity":0,"b:2:16:2:40:2:40:2:Infinity":0}}}
,"C:\\Users\\sasan\\Desktop\\my-inventory\\src\\utils\\hasDuplicateItemText.ts": {"path":"C:\\Users\\sasan\\Desktop\\my-inventory\\src\\utils\\hasDuplicateItemText.ts","statementMap":{"0":{"start":{"line":8,"column":17},"end":{"line":8,"column":null}},"1":{"start":{"line":9,"column":2},"end":{"line":13,"column":null}},"2":{"start":{"line":11,"column":6},"end":{"line":12,"column":null}}},"fnMap":{"0":{"name":"hasDuplicateItemText","decl":{"start":{"line":3,"column":16},"end":{"line":3,"column":null}},"loc":{"start":{"line":7,"column":2},"end":{"line":14,"column":null}},"line":7},"1":{"name":"(anonymous_1)","decl":{"start":{"line":10,"column":4},"end":{"line":10,"column":5}},"loc":{"start":{"line":11,"column":6},"end":{"line":12,"column":null}},"line":11}},"branchMap":{"0":{"loc":{"start":{"line":11,"column":6},"end":{"line":12,"column":null}},"type":"binary-expr","locations":[{"start":{"line":11,"column":6},"end":{"line":11,"column":null}},{"start":{"line":12,"column":7},"end":{"line":12,"column":null}}],"line":11},"1":{"loc":{"start":{"line":12,"column":7},"end":{"line":12,"column":null}},"type":"cond-expr","locations":[{"start":{"line":12,"column":19},"end":{"line":12,"column":43}},{"start":{"line":12,"column":43},"end":{"line":12,"column":null}}],"line":12}},"s":{"0":7,"1":7,"2":12},"f":{"0":7,"1":12},"b":{"0":[12,6],"1":[2,4]},"meta":{"lastBranch":2,"lastFunction":2,"lastStatement":3,"seen":{"f:3:16:3:Infinity":0,"s:8:17:8:Infinity":0,"s:9:2:13:Infinity":1,"f:10:4:10:5":1,"s:11:6:12:Infinity":2,"b:11:6:11:Infinity:12:7:12:Infinity":0,"b:12:19:12:43:12:43:12:Infinity":1}}}
,"C:\\Users\\sasan\\Desktop\\my-inventory\\src\\utils\\shoppingListLogic.ts": {"path":"C:\\Users\\sasan\\Desktop\\my-inventory\\src\\utils\\shoppingListLogic.ts","statementMap":{"0":{"start":{"line":8,"column":2},"end":{"line":18,"column":null}},"1":{"start":{"line":9,"column":4},"end":{"line":9,"column":null}},"2":{"start":{"line":9,"column":32},"end":{"line":9,"column":null}},"3":{"start":{"line":11,"column":28},"end":{"line":11,"column":null}},"4":{"start":{"line":13,"column":4},"end":{"line":17,"column":null}},"5":{"start":{"line":26,"column":2},"end":{"line":36,"column":null}},"6":{"start":{"line":27,"column":4},"end":{"line":29,"column":null}},"7":{"start":{"line":28,"column":6},"end":{"line":28,"column":null}},"8":{"start":{"line":31,"column":4},"end":{"line":33,"column":null}},"9":{"start":{"line":32,"column":6},"end":{"line":32,"column":null}},"10":{"start":{"line":35,"column":4},"end":{"line":35,"column":null}}},"fnMap":{"0":{"name":"toggleItemById","decl":{"start":{"line":3,"column":16},"end":{"line":3,"column":null}},"loc":{"start":{"line":7,"column":14},"end":{"line":19,"column":null}},"line":7},"1":{"name":"(anonymous_1)","decl":{"start":{"line":8,"column":19},"end":{"line":8,"column":20}},"loc":{"start":{"line":8,"column":29},"end":{"line":18,"column":3}},"line":8},"2":{"name":"toggleAllItems","decl":{"start":{"line":21,"column":16},"end":{"line":21,"column":null}},"loc":{"start":{"line":25,"column":14},"end":{"line":37,"column":null}},"line":25},"3":{"name":"(anonymous_3)","decl":{"start":{"line":26,"column":19},"end":{"line":26,"column":20}},"loc":{"start":{"line":26,"column":29},"end":{"line":36,"column":3}},"line":26}},"branchMap":{"0":{"loc":{"start":{"line":9,"column":4},"end":{"line":9,"column":null}},"type":"if","locations":[{"start":{"line":9,"column":4},"end":{"line":9,"column":null}},{"start":{},"end":{}}],"line":9},"1":{"loc":{"start":{"line":16,"column":19},"end":{"line":16,"column":null}},"type":"cond-expr","locations":[{"start":{"line":16,"column":37},"end":{"line":16,"column":43}},{"start":{"line":16,"column":43},"end":{"line":16,"column":null}}],"line":16},"2":{"loc":{"start":{"line":27,"column":4},"end":{"line":29,"column":null}},"type":"if","locations":[{"start":{"line":27,"column":4},"end":{"line":29,"column":null}},{"start":{},"end":{}}],"line":27},"3":{"loc":{"start":{"line":31,"column":4},"end":{"line":33,"column":null}},"type":"if","locations":[{"start":{"line":31,"column":4},"end":{"line":33,"column":null}},{"start":{},"end":{}}],"line":31}},"s":{"0":3,"1":5,"2":2,"3":3,"4":3,"5":5,"6":10,"7":4,"8":6,"9":1,"10":5},"f":{"0":3,"1":5,"2":5,"3":10},"b":{"0":[2,3],"1":[2,1],"2":[4,6],"3":[1,5]},"meta":{"lastBranch":4,"lastFunction":4,"lastStatement":11,"seen":{"f:3:16:3:Infinity":0,"s:8:2:18:Infinity":0,"f:8:19:8:20":1,"b:9:4:9:Infinity:undefined:undefined:undefined:undefined":0,"s:9:4:9:Infinity":1,"s:9:32:9:Infinity":2,"s:11:28:11:Infinity":3,"s:13:4:17:Infinity":4,"b:16:37:16:43:16:43:16:Infinity":1,"f:21:16:21:Infinity":2,"s:26:2:36:Infinity":5,"f:26:19:26:20":3,"b:27:4:29:Infinity:undefined:undefined:undefined:undefined":2,"s:27:4:29:Infinity":6,"s:28:6:28:Infinity":7,"b:31:4:33:Infinity:undefined:undefined:undefined:undefined":3,"s:31:4:33:Infinity":8,"s:32:6:32:Infinity":9,"s:35:4:35:Infinity":10}}}
}
